Unity Player [version: Unity 5.6.7f1_e80cc3114ac1]

Dragonboy_vn_v222.exe caused an Access Violation (0xc0000005)
  in module Dragonboy_vn_v222.exe at 0023:00b09c6b.

Error occurred at 2022-11-28_202738.
D:\game\nro\mod_game\mod_game_nro\build\Dragonboy_vn_v222.exe, run by hien.
76% memory in use.
0 MB physical memory [1826 MB free].
0 MB paging file [2608 MB free].
0 MB user address space [3592 MB free].
Read from location fff6de92 caused an access violation.

Context:
EDI:    0x047ccc40  ESI: 0x041c6720  EAX:   0x10268b20
EBX:    0x06ddf140  ECX: 0xfffdb7a0  EDX:   0x00000000
EIP:    0x00b09c6b  EBP: 0x0c73e90c  SegCs: 0x00000023
EFlags: 0x00010297  ESP: 0x0c73e8ec  SegSs: 0x0000002b

Bytes at CS:EIP:
f6 44 8a 12 01 8d 0c 8a 75 3b 80 79 11 01 75 18 

Stack:
0x0c73e8ec: 047ccc40 041c6720 00000002 10268b20 @.|. g...... .&.
0x0c73e8fc: 06ddf130 047ccc40 00000001 047ceea4 0...@.|.......|.
0x0c73e90c: 0c73e950 00b0b40a 0c73e92c 041c6730 P.s.....,.s.0g..
0x0c73e91c: 06ddf13c 047ceea8 0c73f040 047ceeb8 <.....|.@.s...|.
0x0c73e92c: 00000000 047ccc40 00000002 0c73e950 ....@.|.....P.s.
0x0c73e93c: 00b0b6f7 041bddc0 06ddf130 047ceeb8 ........0.....|.
0x0c73e94c: 00000002 0c73e97c 00b0acc6 041c6720 ....|.s..... g..
0x0c73e95c: 06ddf13c 047ceeb8 00000018 041738e0 <.....|......8..
0x0c73e96c: 06555cc0 047ccc40 00000018 047ceeb8 .\U.@.|.......|.
0x0c73e97c: 0c73f858 00b4cb41 00000004 0c73f038 X.s.A.......8.s.
0x0c73e98c: ffffffd0 00000038 041738e0 03c63401 ....8....8...4..
0x0c73e99c: 00000000 00000000 00000000 00000000 ................
0x0c73e9ac: 00000000 00000000 00000000 00000000 ................
0x0c73e9bc: 00000000 00000000 00000000 00000000 ................
0x0c73e9cc: 00000000 00000000 00000000 00000000 ................
0x0c73e9dc: 00000000 00000000 00000000 00000000 ................
0x0c73e9ec: 00000000 00000000 00000000 00000000 ................
0x0c73e9fc: 00000000 00000000 00000000 00000000 ................
0x0c73ea0c: 00000000 00000000 00000000 00000000 ................
0x0c73ea1c: 00000000 00000000 00000000 00000000 ................
0x0c73ea2c: 00000000 00000000 00000000 00000000 ................
0x0c73ea3c: 00000000 00000000 00000000 00000000 ................
0x0c73ea4c: 00000000 00000000 00000000 00000000 ................
0x0c73ea5c: 00000000 00000000 00000000 00000000 ................
0x0c73ea6c: 00000000 00000000 00000000 00000000 ................
0x0c73ea7c: 00000000 00000000 00000000 00000000 ................
0x0c73ea8c: 00000000 00000000 00000000 00000000 ................
0x0c73ea9c: 00000000 00000000 00000000 00000000 ................
0x0c73eaac: 00000000 00000000 00000000 00000000 ................
0x0c73eabc: 00000000 00000000 00000000 00000000 ................
0x0c73eacc: 00000000 00000000 00000000 00000000 ................
0x0c73eadc: 00000000 00000000 00000000 00000000 ................
0x0c73eaec: 00000000 00000000 00000000 00000000 ................
0x0c73eafc: 00000000 00000000 00000000 00000000 ................
0x0c73eb0c: 00000000 00000000 00000000 00000000 ................
0x0c73eb1c: 017022c4 00000001 00000000 00000000 ."p.............
0x0c73eb2c: 00000007 00000007 00000008 00000008 ................
0x0c73eb3c: 06ddeafc 00000001 00000008 80000008 ................
0x0c73eb4c: 06ddeb1c 00000001 00000008 80000008 ................
0x0c73eb5c: 06ddeb3c 00000001 00000090 80000090 <...............
0x0c73eb6c: 00000000 00000000 00000001 00000001 ................
0x0c73eb7c: 00000000 00000000 00000000 00000000 ................
0x0c73eb8c: 00000000 00000000 00000000 00000000 ................
0x0c73eb9c: 00000000 00000000 00000000 00000000 ................
0x0c73ebac: 00000000 00000000 00000000 00000000 ................
0x0c73ebbc: 00000000 00000000 00000000 00000000 ................
0x0c73ebcc: 00000000 00000000 00000000 00000000 ................
0x0c73ebdc: 00000000 00000000 00000000 00000000 ................
0x0c73ebec: 00000000 00000000 00000000 00000000 ................
0x0c73ebfc: 00000000 00000000 00000000 00000000 ................
0x0c73ec0c: 00000000 00000000 00000000 00000000 ................
0x0c73ec1c: 00000000 00000000 00000000 00000000 ................
0x0c73ec2c: 00000000 00000000 00000000 00000000 ................
0x0c73ec3c: 00000000 00000000 00000000 00000000 ................
0x0c73ec4c: 00000000 00000000 00000000 00000000 ................
0x0c73ec5c: 00000000 00000000 00000000 00000000 ................
0x0c73ec6c: 00000000 00000000 00000000 00000000 ................
0x0c73ec7c: 00000000 00000000 00000000 00000000 ................
0x0c73ec8c: 00000000 00000000 00000000 00000000 ................
0x0c73ec9c: 00000000 00000000 00000000 00000000 ................
0x0c73ecac: 00000000 00000000 00000000 00000000 ................
0x0c73ecbc: 00000000 00000000 00000000 00000000 ................
0x0c73eccc: 00000000 00000000 00000000 00000000 ................
0x0c73ecdc: 00000000 00000000 00000000 00000000 ................
0x0c73ecec: 00000000 00000000 00000000 00000000 ................
0x0c73ecfc: 00000000 00000000 00000000 00000000 ................
0x0c73ed0c: 00000000 00000000 00000000 00000000 ................
0x0c73ed1c: 00000000 00000000 00000000 00000000 ................
0x0c73ed2c: 00000000 00000000 00000000 00000000 ................
0x0c73ed3c: 00000000 00000000 00000000 00000000 ................
0x0c73ed4c: 00000000 00000000 00000000 00000000 ................
0x0c73ed5c: 00000000 00000000 00000000 00000000 ................
0x0c73ed6c: 00000000 00000000 00000000 00000000 ................
0x0c73ed7c: 00000000 0c73eea0 0c73f86c 775e9394 ......s.l.s...^w
0x0c73ed8c: 00000000 00000000 00000000 00000000 ................
0x0c73ed9c: 00000000 00000000 00000000 7758cac0 ..............Xw
0x0c73edac: 77580000 001a4000 00000047 0c73eef0 ..Xw.@..G.....s.
0x0c73edbc: 00000004 00088bd0 00000000 00000000 ................
0x0c73edcc: 00000000 77608bb2 0c73eea0 0c73f22c ......`w..s.,.s.
0x0c73eddc: 0c73eef0 0c73ee4c 0c73f22c 77608c00 ..s.L.s.,.s...`w
0x0c73edec: 0c73f22c 0c73f1c8 77608b84 0c73eea0 ,.s...s...`w..s.
0x0c73edfc: 0c73f22c 0c73eef0 0c73ee4c 77608bd0 ,.s...s.L.s...`w
0x0c73ee0c: 0c73eea0 0c73f86c 0c73f22c 775e9097 ..s.l.s.,.s...^w
0x0c73ee1c: 0c73eea0 775f2f2c 775e90d0 0c73eef0 ..s.,/_w..^w..s.
0x0c73ee2c: 00000000 01851bc8 00000000 0c73f86c ............l.s.
0x0c73ee3c: 0c740000 0c73e000 0c740000 0c73e000 ..t...s...t...s.
0x0c73ee4c: 00000000 00000000 00000000 00000000 ................
0x0c73ee5c: 00000000 00000000 00000000 00000000 ................
0x0c73ee6c: 00000000 00000000 00000000 00000000 ................
0x0c73ee7c: 00000000 00000000 00000000 00000000 ................
0x0c73ee8c: 00000000 00000000 00000000 00000000 ................
0x0c73ee9c: 00000000 c0000027 00000002 00000000 ....'...........
0x0c73eeac: 010f5748 00000000 00000000 00000000 HW..............
0x0c73eebc: 00000000 00000000 00000000 00000000 ................
0x0c73eecc: 00000000 00000000 00000000 00000000 ................
0x0c73eedc: 00000000 00000000 00000000 00000000 ................
0x0c73eeec: 00000000 00010007 00000000 00000000 ................
0x0c73eefc: 00000000 00000000 00000000 00000000 ................
0x0c73ef0c: 00000000 00000000 00000000 00000000 ................
0x0c73ef1c: 00000000 00000000 00000000 00000000 ................
0x0c73ef2c: 00000000 00000000 00000000 00000000 ................
0x0c73ef3c: 00000000 00000000 00000000 00000000 ................
0x0c73ef4c: 00000000 00000000 00000000 00000000 ................
0x0c73ef5c: 00000000 00000000 00000000 00000000 ................
0x0c73ef6c: 00000000 00000000 00000000 00000000 ................
0x0c73ef7c: 0000002b 00000053 0000002b 0000002b +...S...+...+...
0x0c73ef8c: 00000000 00000000 00000000 00000000 ................
0x0c73ef9c: 03ca29b0 00000018 0c73f1f0 010f5748 .)........s.HW..
0x0c73efac: 00000023 00000202 0c73f1e0 0000002b #.........s.+...
0x0c73efbc: 03c3b4e0 00000000 00000000 00000000 ................
0x0c73efcc: 00000000 00000000 00000000 00000000 ................
0x0c73efdc: 03c36c90 00000001 00000000 ffffffff .l..............
0x0c73efec: 00000000 00000000 00000000 00000000 ................
0x0c73effc: 00000000 00000000 00000000 00000000 ................
0x0c73f00c: 06ddf0c8 06ddf13c 00000000 00000000 ....<...........
0x0c73f01c: 00000000 00000000 03ce1350 03ce12d0 ........P.......
0x0c73f02c: 00000000 00000000 00000000 00000000 ................
0x0c73f03c: 041bddc0 041c6720 00000000 00000000 .... g..........
0x0c73f04c: 00000000 00000000 00000bf4 0c740000 ..............t.
0x0c73f05c: 00000000 0000000d 0000000d 06556ac0 .............jU.
0x0c73f06c: 0403f060 0403f0e0 000000c3 00003e1d `............>..
0x0c73f07c: 00000000 00000000 000000f9 00002733 ............3'..
0x0c73f08c: 00000001 00000018 00000004 00000006 ................
0x0c73f09c: 00000000 083522d0 0960f078 00000000 ....."5.x.`.....
0x0c73f0ac: 00003e1f 0c740000 02340000 0c740048 .>....t...4.H.t.
0x0c73f0bc: 0c740040 02345ba0 000007ff 0c740048 @.t..[4.....H.t.
0x0c73f0cc: 02340000 0000077f 00003930 0077b7bc ..4.....09....w.
0x0c73f0dc: 0077b7c8 0c740048 0077c890 775c8d3b ..w.H.t...w.;.\w
0x0c73f0ec: 0077c3e4 0077d0fc 0077cf10 0c73f328 ..w...w...w.(.s.
0x0c73f0fc: 00000000 00000000 0077cc28 00000000 ........(.w.....
0x0c73f10c: 0077c998 0020fc40 0077ca8c 0007ca4c ..w.@. ...w.L...
0x0c73f11c: 0c73f204 0007ca3c 0077be38 0c73f1c0 ..s.<...8.w...s.
0x0c73f12c: 00860128 00000000 0077cba4 0020fc10 (.........w... .
0x0c73f13c: 0077d050 00000ad0 108be26d fffffffe P.w.....m.......
0x0c73f14c: 00004d18 775be5d0 0077ca88 00860000 .M....[w..w.....
0x0c73f15c: 0077cccc 00000000 0077ceb0 00860000 ..w.......w.....
0x0c73f16c: 00860128 00860000 005e5000 01851bc8 (........P^.....
0x0c73f17c: 0077cb94 010febb8 0077bed8 0077b9e8 ..w.......w...w.
0x0c73f18c: 000b1b98 0c73f1f0 000b1ba8 00860000 ......s.........
0x0c73f19c: 000b1b90 08c2591f 0057e454 0007ca30 .....Y..T.W.0...
0x0c73f1ac: 0057e458 010ebd58 0057e44c 0c73f208 X.W.X...L.W...s.
0x0c73f1bc: 0007ca80 0077c924 0007ca98 0c73f1f0 ....$.w.......s.
0x0c73f1cc: 0007ca78 0007e898 0020fc50 0020fbe4 x.......P. ... .
0x0c73f1dc: 0020fc54 00e4535f 0020fc48 0c73f87c T. ._S..H. .|.s.
0x0c73f1ec: 00000000 0c73f86c 010ebe00 010ebe16 ....l.s.........
0x0c73f1fc: 0c73f214 00000000 00000000 00000000 ..s.............
0x0c73f20c: 0c73f318 0c73f368 000c0ed4 77608bb2 ..s.h.s.......`w
0x0c73f21c: 000c0ed8 0007c250 000c0ecc 0077cb98 ....P.........w.
0x0c73f22c: 000c0ec8 0077cc18 0077b7e8 0c73f300 ......w...w...s.
0x0c73f23c: 0077b7ec 0c73f318 0077b7e4 0c73f368 ..w...s...w.h.s.
0x0c73f24c: 0077b7e0 0007c278 0c73f86c 0077cc40 ..w.x...l.s.@.w.
0x0c73f25c: 00000000 0000591c 0c73f318 00005ce4 .....Y....s..\..
0x0c73f26c: 0c73f368 0077ca80 010ebd58 0077ca98 h.s...w.X.....w.
0x0c73f27c: 03c63410 0077cef4 008be0ad 0077cf54 .4....w.....T.w.
0x0c73f28c: 0c73f86c 0077cea8 0c73e000 0c740000 l.s...w...s...t.
0x0c73f29c: 00000000 00000000 00004000 02340000 .........@....4.
0x0c73f2ac: 00000000 0077cf0c 0c0db8e8 0c0db8f0 ......w.........
0x0c73f2bc: 00000000 0077caa0 00000000 00000878 ......w.....x...
0x0c73f2cc: 00000000 0077d084 00004008 01c664b0 ......w..@...d..
0x0c73f2dc: 00000000 000b1b7c 00000000 00000000 ....|...........
0x0c73f2ec: 01c664b0 00000003 00000000 00000000 .d..............
0x0c73f2fc: 6b90d431 0c73f830 775f5006 0c73f318 1..k0.s..P_w..s.
0x0c73f30c: 0077b774 0077cfa8 0077b778 0077c7f4 t.w...w.x.w...w.
0x0c73f31c: 0077b704 0007ca38 0077b708 00000004 ..w.8.....w.....
0x0c73f32c: 00779e54 000a65d0 00779e54 0007ca44 T.w..e..T.w.D...
0x0c73f33c: 00779e34 000a65d8 00779e54 0077cd24 4.w..e..T.w.$.w.
0x0c73f34c: 0077cfb0 0077c92c 0077cfd0 0077c3fc ..w.,.w...w...w.
0x0c73f35c: 00040000 00040000 0c73f838 000008f0 ........8.s.....
0x0c73f36c: 00000000 000009a0 00779800 00000854 ..........w.T...
0x0c73f37c: 00779820 00000000 007797f8 00000002  .w.......w.....
0x0c73f38c: 007797e4 00e44d90 00000000 00000000 ..w..M..........
0x0c73f39c: 00000000 00000000 00000000 00000000 ................
0x0c73f3ac: 00000000 00000000 005a7c08 00000000 .........|Z.....
0x0c73f3bc: 005a7c0c 00000000 0057e440 00000000 .|Z.....@.W.....
0x0c73f3cc: 0057e444 00000000 0057e43c 00000000 D.W.....<.W.....
0x0c73f3dc: 0057e438 00000000 00000000 e1b54800 8.W..........H..
0x0c73f3ec: 3bf5d281 00000000 0000002b 00000053 ...;....+...S...
0x0c73f3fc: 0000002b 0000002b 00e45d90 0077bef0 +...+....]....w.
0x0c73f40c: 03c63410 0007c270 00000004 0c73f7d8 .4..p.........s.
0x0c73f41c: 0c73f830 0077cba0 00000023 00000216 0.s...w.#.......
0x0c73f42c: 0c73f7d8 0077cc24 0002027f 0077cbb4 ..s.$.w.......w.
0x0c73f43c: 00e44d90 00000000 00000000 0077cc34 .M..........4.w.
0x0c73f44c: 00001f80 0000ffff 00000000 00000000 ................
0x0c73f45c: 00000000 0077c3c8 00000000 0007c274 ......w.....t...
0x0c73f46c: 00000000 00000000 00000000 0077cc3c ............<.w.
0x0c73f47c: 00000000 0077c994 00000000 00005918 ......w......Y..
0x0c73f48c: 00000000 00004d14 00000000 00005ce0 .....M.......\..
0x0c73f49c: 00000000 0000392c 00000000 0077ca7c ....,9......|.w.
0x0c73f4ac: 00000000 0077ca84 00000000 0077ca94 ......w.......w.
0x0c73f4bc: 00000000 0077ca9c 48000000 0077ca90 ......w....H..w.
0x0c73f4cc: 00003bf5 0077cef8 00000000 0077cd0c .;....w.......w.
0x0c73f4dc: 00000000 0077cf94 00000000 0077cf50 ......w.....P.w.
0x0c73f4ec: 00000000 0077ceac 00000000 0077cef0 ......w.......w.
0x0c73f4fc: 00000000 00000000 00000000 00000000 ................
0x0c73f50c: 00000000 00000000 00000000 00000000 ................
0x0c73f51c: 00000000 0077c88c 00000000 0077cefc ......w.......w.
0x0c73f52c: 00000000 00000000 00000000 00000000 ................
0x0c73f53c: 00000000 00000000 00000000 0077be5c ............\.w.
0x0c73f54c: 00000000 0077caa4 0073f58c 0c73f58c ......w...s...s.
0x0c73f55c: 03ad0000 06253f78 06253f70 0077d054 ....x?%.p?%.T.w.
0x0c73f56c: 000007ff 0077d0f8 03ad0000 0077f83c ......w.....<.w.
0x0c73f57c: 0c73f734 775c7bba 00000001 0077b9ec 4.s..{\w......w.
0x0c73f58c: 00000053 000b1b88 6b90002b 00e45d90 S.......+..k.]..
0x0c73f59c: 03c63410 03c63410 00000000 00000004 .4...4..........
0x0c73f5ac: 0c73f7d8 0c73f830 7694e062 0c730023 ..s.0.s.b..v#.s.
0x0c73f5bc: 00000216 0c73f7d8 775f002b 108be04d ......s.+._wM...
0x0c73f5cc: fffffffe 775f46fc 775e6536 6b90d09d .....F_w6e^w...k
0x0c73f5dc: 0a00040e 00000000 03c63410 00000000 .........4......
0x0c73f5ec: 00000000 0077cfac 00000000 0020fc44 ......w.....D. .
0x0c73f5fc: 00000000 0077c7f8 00000000 0007ca34 ......w.....4...
0x0c73f60c: 00000339 0007ca48 00000000 0007ca50 9...H.......P...
0x0c73f61c: 775fae60 775f2f2c 00007bf6 0c73f648 `._w,/_w.{..H.s.
0x0c73f62c: 00000001 000a65d4 fffffd34 0007ca40 .....e..4...@...
0x0c73f63c: fffffd34 000002cc 0000004c 00000150 4.......L...P...
0x0c73f64c: 00000000 000a65dc 00000000 06220000 .....e........".
0x0c73f65c: 00000000 0077cd70 0000027f 0077c928 ....p.w.....(.w.
0x0c73f66c: 03ad00c0 00000000 00000000 0077c3f4 ..............w.
0x0c73f67c: 00000000 00000000 00000000 00000804 ................
0x0c73f68c: 80000000 0020fbe8 00000000 000008d0 ...... .........
0x0c73f69c: 00000000 0007e874 00000000 00000980 ....t...........
0x0c73f6ac: 00000000 00000ab0 00000000 00000830 ............0...
0x0c73f6bc: 00000000 0020fbe0 00000000 00000000 ...... .........
0x0c73f6cc: 00000000 00000000 00000000 00000000 ................
0x0c73f6dc: 00000000 00000000 00000000 00000000 ................
0x0c73f6ec: 00000000 0007ca4c 00000000 0007ca40 ....L.......@...
0x0c73f6fc: 00000000 00000000 00000000 000b1b98 ................
0x0c73f70c: 00000000 0057e454 0077c928 0007ca80 ....T.W.(.w.....
0x0c73f71c: 00000000 0020fc50 0077ca98 00000000 ....P. ...w.....
0x0c73f72c: 00000000 000c0ed4 00000000 000c0ecc ................
0x0c73f73c: 00000000 0077b7e8 00000000 0077b7e4 ......w.......w.
0x0c73f74c: 00000000 00000000 00000000 00000000 ................
0x0c73f75c: 0077ceb0 00779800 0077d0fc 007797f8 ..w...w...w...w.
0x0c73f76c: 00000000 0057e440 00000000 0057e43c ....@.W.....<.W.
0x0c73f77c: 00000000 00000000 00000000 00000000 ................
0x0c73f78c: 00000000 00000000 00000000 00000000 ................
0x0c73f79c: 00000000 00000000 00000000 00000000 ................
0x0c73f7ac: 00000000 00000000 00000000 00000000 ................
0x0c73f7bc: 00000000 00000000 0077ceac 00000000 ..........w.....
0x0c73f7cc: 00000000 7694e062 0077caa4 406d1388 ....b..v..w...m@
0x0c73f7dc: 00000000 00000000 7694e062 00000004 ........b..v....
0x0c73f7ec: 00001000 016d36e4 00003490 00000000 .....6m..4......
0x0c73f7fc: 0007ca34 00000000 0000000f 00000013 4...............
0x0c73f80c: 0c73f824 010ecb5c 00040013 00000996 $.s.\...........
0x0c73f81c: 00000002 0003410c 000000c8 000000c8 .....A..........
0x0c73f82c: 00000005 00000008 00000003 00000000 ................
0x0c73f83c: 00000000 03cad1e0 03c36d01 00000009 .........m......
0x0c73f84c: 016e0ae4 041738e0 0077d054 0c73f878 ..n..8..T.w.x.s.
0x0c73f85c: 00b527be 06555cc0 00e45d90 041738e0 .'...\U..]...8..
0x0c73f86c: 03c63410 00b3ce07 03c63410 0c73f894 .4.......4....s.
0x0c73f87c: 00e45dc6 041738e0 00003490 016d36e4 .]...8...4...6m.
0x0c73f88c: 00e45d90 00e45d90 0c73f8a4 75d6fef9 .]...]....s....u
0x0c73f89c: 03c63410 75d6fee0 0c73f900 775e7bbe .4.....u..s..{^w
0x0c73f8ac: 03c63410 6b90dfb5 00000000 00000000 .4.....k........
0x0c73f8bc: 03c63410 c0000005 00000000 769e5270 .4..........pR.v
0x0c73f8cc: 91b50996 5a46d426 00000000 00000000 ....&.FZ........
0x0c73f8dc: 0c73e2ec e72b5be6 00000000 0c73f8b0 ..s..[+.......s.
0x0c73f8ec: 0c73e2ec 0c73f908 775fae60 108bea15 ..s...s.`._w....
0x0c73f8fc: 00000000 0c73f910 775e7b8e ffffffff ......s..{^w....
0x0c73f90c: 77608d28 00000000 00000000 00e45d90 (.`w.........]..
0x0c73f91c: 03c63410 00000000 00000000 00000000 .4..............
0x0c73f92c: 00000000 00000000 00000000 00000000 ................
0x0c73f93c: 00000000 00000000 00000000 00000000 ................
0x0c73f94c: 00000000 00000000 00000000 00000000 ................
0x0c73f95c: 00000000 00000000 00000000 00000000 ................
0x0c73f96c: 00000000 00000000 00000000 00000000 ................
0x0c73f97c: 00000000 00000000 00000000 00000000 ................
0x0c73f98c: 00000000 00000000 00000000 00000000 ................
0x0c73f99c: 00000000 00000000 00000000 00000000 ................
0x0c73f9ac: 00000000 00000000 00000000 00000000 ................
0x0c73f9bc: 00000000 00000000 00000000 00000000 ................
0x0c73f9cc: 00000000 00000000 00000000 00000000 ................
0x0c73f9dc: 00000000 00000000 00000000 00000000 ................
0x0c73f9ec: 00000000 00000000 00000000 00000000 ................
0x0c73f9fc: 00000000 00000000 00000000 00000000 ................
0x0c73fa0c: 00000000 00000000 00000000 00000000 ................
0x0c73fa1c: 00000000 00000000 00000000 00000000 ................
0x0c73fa2c: 00000000 00000000 00000000 00000000 ................
0x0c73fa3c: 00000000 00000000 00000000 00000000 ................
0x0c73fa4c: 00000000 00000000 00000000 00000000 ................
0x0c73fa5c: 00000000 00000000 00000000 00000000 ................
0x0c73fa6c: 00000000 00000000 00000000 00000000 ................
0x0c73fa7c: 00000000 00000000 00000000 00000000 ................
0x0c73fa8c: 00000000 00000000 00000000 00000000 ................
0x0c73fa9c: 00000000 00000000 00000000 00000000 ................
0x0c73faac: 00000000 00000000 00000000 00000000 ................
0x0c73fabc: 00000000 00000000 00000000 00000000 ................
0x0c73facc: 00000000 00000000 00000000 00000000 ................
0x0c73fadc: 00000000 00000000 00000000 00000000 ................
0x0c73faec: 00000000 00000000 00000000 00000000 ................
0x0c73fafc: 00000000 00000000 00000000 00000000 ................
0x0c73fb0c: 00000000 00000000 00000000 00000000 ................
0x0c73fb1c: 00000000 00000000 00000000 00000000 ................
0x0c73fb2c: 00000000 00000000 00000000 00000000 ................
0x0c73fb3c: 00000000 00000000 00000000 00000000 ................
0x0c73fb4c: 00000000 00000000 00000000 00000000 ................
0x0c73fb5c: 00000000 00000000 00000000 00000000 ................
0x0c73fb6c: 00000000 00000000 00000000 00000000 ................
0x0c73fb7c: 00000000 00000000 00000000 00000000 ................
0x0c73fb8c: 00000000 00000000 00000000 00000000 ................
0x0c73fb9c: 00000000 00000000 00000000 00000000 ................
0x0c73fbac: 00000000 00000000 00000000 00000000 ................
0x0c73fbbc: 00000000 00000000 00000000 00000000 ................
0x0c73fbcc: 00000000 00000000 00000000 00000000 ................
0x0c73fbdc: 00000000 00000000 00000000 00000000 ................
0x0c73fbec: 00000000 00000000 00000000 00000000 ................
0x0c73fbfc: 00000000 00000000 00000000 00000000 ................
0x0c73fc0c: 00000000 00000000 00000000 00000000 ................
0x0c73fc1c: 00000000 00000000 00000000 00000000 ................
0x0c73fc2c: 00000000 00000000 00000000 00000000 ................
0x0c73fc3c: 00000000 00000000 00000000 00000000 ................
0x0c73fc4c: 00000000 00000000 00000000 00000000 ................
0x0c73fc5c: 00000000 00000000 00000000 00000000 ................
0x0c73fc6c: 00000000 00000000 00000000 00000000 ................
0x0c73fc7c: 00000000 00000000 00000000 00000000 ................
0x0c73fc8c: 00000000 00000000 00000000 00000000 ................
0x0c73fc9c: 00000000 00000000 00000000 00000000 ................
0x0c73fcac: 00000000 00000000 00000000 00000000 ................
0x0c73fcbc: 00000000 00000000 00000000 00000000 ................
0x0c73fccc: 00000000 00000000 00000000 00000000 ................
0x0c73fcdc: 00000000 00000000 00000000 00000000 ................
0x0c73fcec: 00000000 00000000 00000000 00000000 ................
0x0c73fcfc: 00000000 00000000 00000000 00000000 ................
0x0c73fd0c: 00000000 00000000 00000000 00000000 ................
0x0c73fd1c: 00000000 00000000 00000000 00000000 ................
0x0c73fd2c: 00000000 00000000 00000000 00000000 ................
0x0c73fd3c: 00000000 00000000 00000000 00000000 ................
0x0c73fd4c: 00000000 00000000 00000000 00000000 ................
0x0c73fd5c: 00000000 00000000 00000000 00000000 ................
0x0c73fd6c: 00000000 00000000 00000000 00000000 ................
0x0c73fd7c: 00000000 00000000 00000000 00000000 ................
0x0c73fd8c: 00000000 00000000 00000000 00000000 ................
0x0c73fd9c: 00000000 00000000 00000000 00000000 ................
0x0c73fdac: 00000000 00000000 00000000 00000000 ................
0x0c73fdbc: 00000000 00000000 00000000 00000000 ................
0x0c73fdcc: 00000000 00000000 00000000 00000000 ................
0x0c73fddc: 00000000 00000000 00000000 00000000 ................
0x0c73fdec: 00000000 00000000 00000000 00000000 ................
0x0c73fdfc: 00000000 00000000 00000000 00000000 ................
0x0c73fe0c: 00000000 00000000 00000000 00000000 ................
0x0c73fe1c: 00000000 00000000 00000000 00000000 ................
0x0c73fe2c: 00000000 00000000 00000000 00000000 ................
0x0c73fe3c: 00000000 00000000 00000000 00000000 ................
0x0c73fe4c: 00000000 00000000 00000000 00000000 ................
0x0c73fe5c: 00000000 00000000 00000000 00000000 ................
0x0c73fe6c: 00000000 00000000 00000000 00000000 ................
0x0c73fe7c: 00000000 00000000 00000000 00000000 ................
0x0c73fe8c: 00000000 00000000 00000000 00000000 ................
0x0c73fe9c: 00000000 00000000 00000000 00000000 ................
0x0c73feac: 00000000 00000000 00000000 00000000 ................
0x0c73febc: 00000000 00000000 00000000 00000000 ................
0x0c73fecc: 00000000 00000000 00000000 00000000 ................
0x0c73fedc: 00000000 00000000 00000000 00000000 ................
0x0c73feec: 00000000 00000000 00000000 00000000 ................
0x0c73fefc: 00000000 00000000 00000000 00000000 ................
0x0c73ff0c: 00000000 00000000 00000000 00000000 ................
0x0c73ff1c: 00000000 00000000 00000000 00000000 ................
0x0c73ff2c: 00000000 00000000 00000000 00000000 ................
0x0c73ff3c: 00000000 00000000 00000000 00000000 ................
0x0c73ff4c: 00000000 00000000 00000000 00000000 ................
0x0c73ff5c: 00000000 00000000 00000000 00000000 ................
0x0c73ff6c: 00000000 00000000 00000000 00000000 ................
0x0c73ff7c: 00000000 00000000 00000000 00000000 ................
0x0c73ff8c: 00000000 00000000 00000000 00000000 ................
0x0c73ff9c: 00000000 00000000 00000000 00000000 ................
0x0c73ffac: 00000000 00000000 00000000 00000000 ................
0x0c73ffbc: 00000000 00000000 00000000 00000000 ................
0x0c73ffcc: 00000000 00000000 00000000 00000000 ................
0x0c73ffdc: 00000000 00000000 00000000 00000000 ................
0x0c73ffec: 00000000 00000000 00000000 00000000 ................
0x0c73fffc: 00000000                            ....

Module 1
D:\game\nro\mod_game\mod_game_nro\build\Dragonboy_vn_v222.exe
Image Base: 0x00860000  Image Size: 0x01228000
File Size:  18198528    File Time:  2022-11-14_231228
Version:
   Company:    
   Product:    
   FileDesc:   
   FileVer:    5.6.7.3267
   ProdVer:    5.6.7.3267

Module 2
D:\game\nro\mod_game\mod_game_nro\build\Dragonboy_vn_v222_Data\Mono\mono.dll
Image Base: 0x10000000  Image Size: 0x00246000
File Size:  2201600     File Time:  2022-11-14_231228
Version:
   Company:    Unity Technologies
   Product:    libmono
   FileDesc:   Unity Technologies fork of mono runtime
   FileVer:    1.0.0.1
   ProdVer:    1.0.0.1

Module 3
C:\Windows\SYSTEM32\AUDIOSES.DLL
Image Base: 0x5c850000  Image Size: 0x00136000
File Size:  1259320     File Time:  2022-08-07_075502
Version:
   Company:    Microsoft Corporation
   Product:    Microsoft® Windows® Operating System
   FileDesc:   Audio Session
   FileVer:    10.0.19041.1741
   ProdVer:    10.0.19041.1741

Module 4
C:\Windows\System32\fwpuclnt.dll
Image Base: 0x62ed0000  Image Size: 0x00059000
File Size:  347648      File Time:  2022-08-07_075504
Version:
   Company:    Microsoft Corporation
   Product:    Microsoft® Windows® Operating System
   FileDesc:   FWP/IPsec User-Mode API
   FileVer:    10.0.19041.1682
   ProdVer:    10.0.19041.1682

Module 5
C:\Windows\SYSTEM32\winmmbase.dll
Image Base: 0x62f50000  Image Size: 0x0001d000
File Size:  110720      File Time:  2019-12-07_160912
Version:
   Company:    Microsoft Corporation
   Product:    Microsoft® Windows® Operating System
   FileDesc:   Base Multimedia Extension API DLL
   FileVer:    10.0.19041.1
   ProdVer:    10.0.19041.1

Module 6
C:\Windows\System32\rasadhlp.dll
Image Base: 0x63040000  Image Size: 0x00008000
File Size:  12800       File Time:  2021-10-06_205240
Version:
   Company:    Microsoft Corporation
   Product:    Microsoft® Windows® Operating System
   FileDesc:   Remote Access AutoDial Helper
   FileVer:    10.0.19041.546
   ProdVer:    10.0.19041.546

Module 7
C:\Windows\SYSTEM32\OPENGL32.dll
Image Base: 0x63320000  Image Size: 0x00103000
File Size:  921600      File Time:  2022-11-11_172040
Version:
   Company:    Microsoft Corporation
   Product:    Microsoft® Windows® Operating System
   FileDesc:   OpenGL Client DLL
   FileVer:    10.0.19041.2193
   ProdVer:    10.0.19041.2193

Module 8
C:\Windows\SYSTEM32\GLU32.dll
Image Base: 0x63500000  Image Size: 0x0003f000
File Size:  245248      File Time:  2022-11-11_172040
Version:
   Company:    Microsoft Corporation
   Product:    Microsoft® Windows® Operating System
   FileDesc:   OpenGL Utility Library DLL
   FileVer:    10.0.19041.2193
   ProdVer:    10.0.19041.2193

Module 9
C:\Windows\SYSTEM32\dxcore.dll
Image Base: 0x63b40000  Image Size: 0x0002c000
File Size:  163216      File Time:  2021-10-06_205230
Version:
   Company:    Microsoft Corporation
   Product:    Microsoft® Windows® Operating System
   FileDesc:   DXCore
   FileVer:    10.0.19041.546
   ProdVer:    10.0.19041.546

Module 10
C:\Windows\System32\MMDevApi.dll
Image Base: 0x65640000  Image Size: 0x0006b000
File Size:  422544      File Time:  2022-10-17_202058
Version:
   Company:    Microsoft Corporation
   Product:    Microsoft® Windows® Operating System
   FileDesc:   MMDevice API
   FileVer:    10.0.19041.2075
   ProdVer:    10.0.19041.2075

Module 11
C:\Windows\SYSTEM32\d3d11.dll
Image Base: 0x65f50000  Image Size: 0x001e0000
File Size:  1964760     File Time:  2022-10-17_202058
Version:
   Company:    Microsoft Corporation
   Product:    Microsoft® Windows® Operating System
   FileDesc:   Direct3D 11 Runtime
   FileVer:    10.0.19041.2075
   ProdVer:    10.0.19041.2075

Module 12
C:\Windows\SYSTEM32\dxgi.dll
Image Base: 0x66210000  Image Size: 0x000c2000
File Size:  785064      File Time:  2022-10-17_202058
Version:
   Company:    Microsoft Corporation
   Product:    Microsoft® Windows® Operating System
   FileDesc:   DirectX Graphics Infrastructure
   FileVer:    10.0.19041.2075
   ProdVer:    10.0.19041.2075

Module 13
C:\Windows\SYSTEM32\CoreMessaging.dll
Image Base: 0x665e0000  Image Size: 0x0009b000
File Size:  631648      File Time:  2022-11-11_172034
Version:
   Company:    Microsoft Corporation
   Product:    Microsoft® Windows® Operating System
   FileDesc:   Microsoft CoreMessaging Dll
   FileVer:    10.0.19041.2193
   ProdVer:    10.0.19041.2193

Module 14
C:\Windows\SYSTEM32\CoreUIComponents.dll
Image Base: 0x66680000  Image Size: 0x0027e000
File Size:  2621720     File Time:  2021-10-06_205224
Version:
   Company:    Microsoft Corporation
   Product:    Microsoft® Windows® Operating System
   FileDesc:   Microsoft Core UI Components Dll
   FileVer:    10.0.19041.546
   ProdVer:    10.0.19041.546

Module 15
C:\Windows\SYSTEM32\textinputframework.dll
Image Base: 0x66900000  Image Size: 0x000b9000
File Size:  754104      File Time:  2022-10-17_202058
Version:
   Company:    Microsoft Corporation
   Product:    Microsoft® Windows® Operating System
   FileDesc:   "TextInputFramework.DYNLINK"
   FileVer:    10.0.19041.2075
   ProdVer:    10.0.19041.2075

Module 16
C:\Windows\SYSTEM32\wintypes.dll
Image Base: 0x67490000  Image Size: 0x000db000
File Size:  897112      File Time:  2022-10-17_202100
Version:
   Company:    Microsoft Corporation
   Product:    Microsoft® Windows® Operating System
   FileDesc:   Windows Base Types DLL
   FileVer:    10.0.19041.2130
   ProdVer:    10.0.19041.2130

Module 17
C:\Windows\system32\wbem\fastprox.dll
Image Base: 0x67800000  Image Size: 0x000c9000
File Size:  804352      File Time:  2021-10-06_205222
Version:
   Company:    Microsoft Corporation
   Product:    Microsoft® Windows® Operating System
   FileDesc:   WMI Custom Marshaller
   FileVer:    10.0.19041.546
   ProdVer:    10.0.19041.546

Module 18
C:\Windows\SYSTEM32\drvstore.dll
Image Base: 0x68cf0000  Image Size: 0x00100000
File Size:  1039192     File Time:  2022-09-17_051506
Version:
   Company:    Microsoft Corporation
   Product:    Microsoft® Windows® Operating System
   FileDesc:   Driver Store API
   FileVer:    10.0.19041.1949
   ProdVer:    10.0.19041.1949

Module 19
C:\Windows\System32\DriverStore\FileRepository\nvam.inf_amd64_37f28daaff36deca\nvldumd.dll
Image Base: 0x6b2d0000  Image Size: 0x0008c000
File Size:  574984      File Time:  2022-06-14_042604
Version:
   Company:    NVIDIA Corporation
   Product:    NVIDIA driver loader
   FileDesc:   NVIDIA Driver Loader, Version 512.78 
   FileVer:    30.0.15.1278
   ProdVer:    30.0.15.1278

Module 20
C:\ProgramData\Microsoft\Windows Defender\Platform\4.18.2210.6-0\X86\MpOav.dll
Image Base: 0x6e020000  Image Size: 0x0006c000
File Size:  434984      File Time:  2022-11-12_230522
Version:
   Company:    Microsoft Corporation
   Product:    Microsoft® Windows® Operating System
   FileDesc:   IOfficeAntiVirus Module
   FileVer:    4.18.2210.6
   ProdVer:    4.18.2210.6

Module 21
C:\Windows\SYSTEM32\wbemcomn.dll
Image Base: 0x6e090000  Image Size: 0x00070000
File Size:  434688      File Time:  2022-08-07_075502
Version:
   Company:    Microsoft Corporation
   Product:    Microsoft® Windows® Operating System
   FileDesc:   WMI
   FileVer:    10.0.19041.1566
   ProdVer:    10.0.19041.1566

Module 22
C:\Windows\SYSTEM32\dbghelp.dll
Image Base: 0x70a60000  Image Size: 0x00188000
File Size:  1494016     File Time:  2021-10-06_205234
Version:
   Company:    Microsoft Corporation
   Product:    Microsoft® Windows® Operating System
   FileDesc:   Windows Image Helper
   FileVer:    10.0.19041.1052
   ProdVer:    10.0.19041.1052

Module 23
C:\Windows\SYSTEM32\xinput9_1_0.dll
Image Base: 0x714a0000  Image Size: 0x00007000
File Size:  9216        File Time:  2019-12-07_160958
Version:
   Company:    Microsoft Corporation
   Product:    Microsoft® Windows® Operating System
   FileDesc:   XNA Common Controller
   FileVer:    10.0.19041.1
   ProdVer:    10.0.19041.1

Module 24
C:\Windows\SYSTEM32\resourcepolicyclient.dll
Image Base: 0x714b0000  Image Size: 0x0000f000
File Size:  52664       File Time:  2021-10-06_205224
Version:
   Company:    Microsoft Corporation
   Product:    Microsoft® Windows® Operating System
   FileDesc:   Resource Policy Client
   FileVer:    10.0.19041.546
   ProdVer:    10.0.19041.546

Module 25
C:\Windows\SYSTEM32\MSACM32.dll
Image Base: 0x714c0000  Image Size: 0x00019000
File Size:  93472       File Time:  2019-12-07_160912
Version:
   Company:    Microsoft Corporation
   Product:    Microsoft® Windows® Operating System
   FileDesc:   Microsoft ACM Audio Filter
   FileVer:    10.0.19041.1
   ProdVer:    10.0.19041.1

Module 26
C:\Windows\SYSTEM32\dwmapi.dll
Image Base: 0x71600000  Image Size: 0x00026000
File Size:  138936      File Time:  2021-10-06_205234
Version:
   Company:    Microsoft Corporation
   Product:    Microsoft® Windows® Operating System
   FileDesc:   Microsoft Desktop Window Manager API
   FileVer:    10.0.19041.746
   ProdVer:    10.0.19041.746

Module 27
C:\Windows\SYSTEM32\wdmaud.drv
Image Base: 0x71630000  Image Size: 0x0003a000
File Size:  215040      File Time:  2019-12-07_160912
Version:
   Company:    Microsoft Corporation
   Product:    Microsoft® Windows® Operating System
   FileDesc:   Winmm  audio system driver
   FileVer:    10.0.19041.1
   ProdVer:    10.0.19041.1

Module 28
C:\Windows\SYSTEM32\HID.DLL
Image Base: 0x71850000  Image Size: 0x0000a000
File Size:  25600       File Time:  2021-10-06_205236
Version:
   Company:    Microsoft Corporation
   Product:    Microsoft® Windows® Operating System
   FileDesc:   Hid User Library
   FileVer:    10.0.19041.546
   ProdVer:    10.0.19041.546

Module 29
C:\Windows\SYSTEM32\amsi.dll
Image Base: 0x71860000  Image Size: 0x00018000
File Size:  78336       File Time:  2022-10-17_202058
Version:
   Company:    Microsoft Corporation
   Product:    Microsoft® Windows® Operating System
   FileDesc:   Anti-Malware Scan Interface
   FileVer:    10.0.19041.2075
   ProdVer:    10.0.19041.2075

Module 30
C:\Windows\SYSTEM32\midimap.dll
Image Base: 0x71b80000  Image Size: 0x00008000
File Size:  18944       File Time:  2021-10-06_205218
Version:
   Company:    Microsoft Corporation
   Product:    Microsoft® Windows® Operating System
   FileDesc:   Microsoft MIDI Mapper
   FileVer:    10.0.19041.488
   ProdVer:    10.0.19041.488

Module 31
C:\Windows\SYSTEM32\msacm32.drv
Image Base: 0x71b90000  Image Size: 0x0000a000
File Size:  23552       File Time:  2021-10-06_205218
Version:
   Company:    Microsoft Corporation
   Product:    Microsoft® Windows® Operating System
   FileDesc:   Microsoft Sound Mapper
   FileVer:    10.0.19041.488
   ProdVer:    10.0.19041.488

Module 32
C:\Windows\system32\wbem\wbemsvc.dll
Image Base: 0x71f50000  Image Size: 0x00010000
File Size:  48640       File Time:  2022-08-07_075502
Version:
   Company:    Microsoft Corporation
   Product:    Microsoft® Windows® Operating System
   FileDesc:   WMI
   FileVer:    10.0.19041.1320
   ProdVer:    10.0.19041.1320

Module 33
C:\Windows\system32\wbem\wbemprox.dll
Image Base: 0x71f60000  Image Size: 0x0000d000
File Size:  36864       File Time:  2022-08-07_075502
Version:
   Company:    Microsoft Corporation
   Product:    Microsoft® Windows® Operating System
   FileDesc:   WMI
   FileVer:    10.0.19041.1320
   ProdVer:    10.0.19041.1320

Module 34
C:\Windows\system32\uxtheme.dll
Image Base: 0x71fa0000  Image Size: 0x00074000
File Size:  454144      File Time:  2022-11-11_172034
Version:
   Company:    Microsoft Corporation
   Product:    Microsoft® Windows® Operating System
   FileDesc:   Microsoft UxTheme Library
   FileVer:    10.0.19041.2193
   ProdVer:    10.0.19041.2193

Module 35
C:\Windows\SYSTEM32\cryptnet.dll
Image Base: 0x72070000  Image Size: 0x00026000
File Size:  145144      File Time:  2021-10-06_205234
Version:
   Company:    Microsoft Corporation
   Product:    Microsoft® Windows® Operating System
   FileDesc:   Crypto Network Related API
   FileVer:    10.0.19041.906
   ProdVer:    10.0.19041.906

Module 36
C:\Windows\SYSTEM32\ksuser.dll
Image Base: 0x720d0000  Image Size: 0x00007000
File Size:  20328       File Time:  2019-12-07_160912
Version:
   Company:    Microsoft Corporation
   Product:    Microsoft® Windows® Operating System
   FileDesc:   User CSA Library
   FileVer:    10.0.19041.1
   ProdVer:    10.0.19041.1

Module 37
C:\Windows\system32\rsaenh.dll
Image Base: 0x725e0000  Image Size: 0x0002f000
File Size:  184888      File Time:  2021-10-06_205234
Version:
   Company:    Microsoft Corporation
   Product:    Microsoft® Windows® Operating System
   FileDesc:   Microsoft Enhanced Cryptographic Provider
   FileVer:    10.0.19041.1052
   ProdVer:    10.0.19041.1052

Module 38
C:\Windows\SYSTEM32\CRYPTSP.dll
Image Base: 0x72610000  Image Size: 0x00013000
File Size:  68192       File Time:  2021-10-06_205234
Version:
   Company:    Microsoft Corporation
   Product:    Microsoft® Windows® Operating System
   FileDesc:   Cryptographic Service Provider API
   FileVer:    10.0.19041.546
   ProdVer:    10.0.19041.546

Module 39
C:\Windows\SYSTEM32\dhcpcsvc.DLL
Image Base: 0x72630000  Image Size: 0x00016000
File Size:  73728       File Time:  2022-10-17_202058
Version:
   Company:    Microsoft Corporation
   Product:    Microsoft® Windows® Operating System
   FileDesc:   DHCP Client Service
   FileVer:    10.0.19041.2130
   ProdVer:    10.0.19041.2130

Module 40
C:\Windows\SYSTEM32\dhcpcsvc6.DLL
Image Base: 0x72720000  Image Size: 0x00014000
File Size:  61440       File Time:  2022-10-17_202058
Version:
   Company:    Microsoft Corporation
   Product:    Microsoft® Windows® Operating System
   FileDesc:   DHCPv6 Client
   FileVer:    10.0.19041.2130
   ProdVer:    10.0.19041.2130

Module 41
C:\Windows\SYSTEM32\devobj.dll
Image Base: 0x72740000  Image Size: 0x00024000
File Size:  139976      File Time:  2022-08-07_075506
Version:
   Company:    Microsoft Corporation
   Product:    Microsoft® Windows® Operating System
   FileDesc:   Device Information Set DLL
   FileVer:    10.0.19041.1620
   ProdVer:    10.0.19041.1620

Module 42
C:\Windows\SYSTEM32\WINHTTP.dll
Image Base: 0x731e0000  Image Size: 0x000cb000
File Size:  830024      File Time:  2022-11-11_172034
Version:
   Company:    Microsoft Corporation
   Product:    Microsoft® Windows® Operating System
   FileDesc:   Windows HTTP Services
   FileVer:    10.0.19041.2193
   ProdVer:    10.0.19041.2193

Module 43
C:\Windows\SYSTEM32\DNSAPI.dll
Image Base: 0x735c0000  Image Size: 0x00090000
File Size:  583144      File Time:  2022-08-27_152912
Version:
   Company:    Microsoft Corporation
   Product:    Microsoft® Windows® Operating System
   FileDesc:   DNS Client API DLL
   FileVer:    10.0.19041.1865
   ProdVer:    10.0.19041.1865

Module 44
C:\Windows\SYSTEM32\UMPDC.dll
Image Base: 0x73650000  Image Size: 0x0000d000
File Size:  47472       File Time:  2021-10-06_205228
Version:
   Company:    
   Product:    
   FileDesc:   
   FileVer:    0.0.0.0
   ProdVer:    0.0.0.0

Module 45
C:\Windows\SYSTEM32\WINMM.dll
Image Base: 0x73670000  Image Size: 0x00028000
File Size:  149272      File Time:  2021-10-06_205218
Version:
   Company:    Microsoft Corporation
   Product:    Microsoft® Windows® Operating System
   FileDesc:   MCI API DLL
   FileVer:    10.0.19041.546
   ProdVer:    10.0.19041.546

Module 46
C:\Windows\SYSTEM32\powrprof.dll
Image Base: 0x736a0000  Image Size: 0x00044000
File Size:  268080      File Time:  2021-10-06_205234
Version:
   Company:    Microsoft Corporation
   Product:    Microsoft® Windows® Operating System
   FileDesc:   Power Profile Helper DLL
   FileVer:    10.0.19041.546
   ProdVer:    10.0.19041.546

Module 47
C:\Windows\SYSTEM32\AVRT.dll
Image Base: 0x736f0000  Image Size: 0x00008000
File Size:  27336       File Time:  2021-10-06_205218
Version:
   Company:    Microsoft Corporation
   Product:    Microsoft® Windows® Operating System
   FileDesc:   Multimedia Realtime Runtime
   FileVer:    10.0.19041.546
   ProdVer:    10.0.19041.546

Module 48
C:\Windows\SYSTEM32\USERENV.dll
Image Base: 0x73de0000  Image Size: 0x00025000
File Size:  141008      File Time:  2021-10-06_205234
Version:
   Company:    Microsoft Corporation
   Product:    Microsoft® Windows® Operating System
   FileDesc:   Userenv
   FileVer:    10.0.19041.572
   ProdVer:    10.0.19041.572

Module 49
C:\Windows\SYSTEM32\cryptbase.dll
Image Base: 0x73e60000  Image Size: 0x0000a000
File Size:  31528       File Time:  2021-10-06_205218
Version:
   Company:    Microsoft Corporation
   Product:    Microsoft® Windows® Operating System
   FileDesc:   Base cryptographic API DLL
   FileVer:    10.0.19041.546
   ProdVer:    10.0.19041.546

Module 50
C:\Windows\SYSTEM32\SspiCli.dll
Image Base: 0x73e70000  Image Size: 0x00021000
File Size:  125056      File Time:  2022-10-17_202058
Version:
   Company:    Microsoft Corporation
   Product:    Microsoft® Windows® Operating System
   FileDesc:   Security Support Provider Interface
   FileVer:    10.0.19041.2130
   ProdVer:    10.0.19041.2130

Module 51
C:\Windows\SYSTEM32\msasn1.dll
Image Base: 0x73ea0000  Image Size: 0x0000e000
File Size:  51664       File Time:  2022-11-11_172034
Version:
   Company:    Microsoft Corporation
   Product:    Microsoft® Windows® Operating System
   FileDesc:   ASN.1 Runtime APIs
   FileVer:    10.0.19041.2251
   ProdVer:    10.0.19041.2251

Module 52
C:\Windows\SYSTEM32\MSWSOCK.dll
Image Base: 0x74030000  Image Size: 0x00052000
File Size:  324416      File Time:  2021-10-06_205234
Version:
   Company:    Microsoft Corporation
   Product:    Microsoft® Windows® Operating System
   FileDesc:   Microsoft Windows Sockets 2.0 Service Provider
   FileVer:    10.0.19041.546
   ProdVer:    10.0.19041.546

Module 53
C:\Windows\SYSTEM32\ntmarta.dll
Image Base: 0x747b0000  Image Size: 0x00029000
File Size:  152904      File Time:  2021-10-06_205234
Version:
   Company:    Microsoft Corporation
   Product:    Microsoft® Windows® Operating System
   FileDesc:   Windows NT MARTA provider
   FileVer:    10.0.19041.546
   ProdVer:    10.0.19041.546

Module 54
C:\Windows\SYSTEM32\kernel.appcore.dll
Image Base: 0x747e0000  Image Size: 0x0000f000
File Size:  52672       File Time:  2021-10-06_205228
Version:
   Company:    Microsoft Corporation
   Product:    Microsoft® Windows® Operating System
   FileDesc:   AppModel API Host
   FileVer:    10.0.19041.546
   ProdVer:    10.0.19041.546

Module 55
C:\Windows\SYSTEM32\profapi.dll
Image Base: 0x747f0000  Image Size: 0x00018000
File Size:  89360       File Time:  2021-10-06_205218
Version:
   Company:    Microsoft Corporation
   Product:    Microsoft® Windows® Operating System
   FileDesc:   User Profile Basic API
   FileVer:    10.0.19041.844
   ProdVer:    10.0.19041.844

Module 56
C:\Windows\SYSTEM32\wldp.dll
Image Base: 0x74810000  Image Size: 0x00027000
File Size:  154952      File Time:  2022-10-17_202058
Version:
   Company:    Microsoft Corporation
   Product:    Microsoft® Windows® Operating System
   FileDesc:   Windows Lockdown Policy
   FileVer:    10.0.19041.2075
   ProdVer:    10.0.19041.2075

Module 57
C:\Windows\SYSTEM32\windows.storage.dll
Image Base: 0x74840000  Image Size: 0x0060a000
File Size:  6368936     File Time:  2022-11-11_172034
Version:
   Company:    Microsoft Corporation
   Product:    Microsoft® Windows® Operating System
   FileDesc:   Microsoft WinRT Storage API
   FileVer:    10.0.19041.2251
   ProdVer:    10.0.19041.2251

Module 58
C:\Windows\SYSTEM32\IPHLPAPI.DLL
Image Base: 0x74f00000  Image Size: 0x00032000
File Size:  196784      File Time:  2021-10-06_205234
Version:
   Company:    Microsoft Corporation
   Product:    Microsoft® Windows® Operating System
   FileDesc:   IP Helper API
   FileVer:    10.0.19041.546
   ProdVer:    10.0.19041.546

Module 59
C:\Windows\SYSTEM32\VERSION.dll
Image Base: 0x75120000  Image Size: 0x00008000
File Size:  27320       File Time:  2021-10-06_205240
Version:
   Company:    Microsoft Corporation
   Product:    Microsoft® Windows® Operating System
   FileDesc:   Version Checking and File Installation Libraries
   FileVer:    10.0.19041.546
   ProdVer:    10.0.19041.546

Module 60
C:\Windows\System32\win32u.dll
Image Base: 0x75440000  Image Size: 0x00018000
File Size:  94040       File Time:  2022-11-11_172034
Version:
   Company:    Microsoft Corporation
   Product:    Microsoft® Windows® Operating System
   FileDesc:   Win32u
   FileVer:    10.0.19041.2251
   ProdVer:    10.0.19041.2251

Module 61
C:\Windows\System32\sechost.dll
Image Base: 0x75510000  Image Size: 0x00076000
File Size:  477808      File Time:  2022-08-27_152910
Version:
   Company:    Microsoft Corporation
   Product:    Microsoft® Windows® Operating System
   FileDesc:   Host for SCM/SDDL/LSA Lookup APIs
   FileVer:    10.0.19041.1865
   ProdVer:    10.0.19041.1865

Module 62
C:\Windows\System32\ole32.dll
Image Base: 0x75590000  Image Size: 0x000e3000
File Size:  926560      File Time:  2021-10-06_205234
Version:
   Company:    Microsoft Corporation
   Product:    Microsoft® Windows® Operating System
   FileDesc:   Microsoft OLE for Windows
   FileVer:    10.0.19041.1202
   ProdVer:    10.0.19041.1202

Module 63
C:\Windows\System32\USER32.dll
Image Base: 0x75680000  Image Size: 0x0019c000
File Size:  1684280     File Time:  2022-11-11_172034
Version:
   Company:    Microsoft Corporation
   Product:    Microsoft® Windows® Operating System
   FileDesc:   Multi-User Windows USER API Client DLL
   FileVer:    10.0.19041.2251
   ProdVer:    10.0.19041.2251

Module 64
C:\Windows\System32\GDI32.dll
Image Base: 0x75820000  Image Size: 0x00023000
File Size:  139432      File Time:  2022-10-17_202058
Version:
   Company:    Microsoft Corporation
   Product:    Microsoft® Windows® Operating System
   FileDesc:   GDI Client DLL
   FileVer:    10.0.19041.2130
   ProdVer:    10.0.19041.2130

Module 65
C:\Windows\System32\msvcrt.dll
Image Base: 0x75c90000  Image Size: 0x000bf000
File Size:  775256      File Time:  2021-10-06_205218
Version:
   Company:    Microsoft Corporation
   Product:    Microsoft® Windows® Operating System
   FileDesc:   Windows NT CRT DLL
   FileVer:    7.0.19041.546
   ProdVer:    10.0.19041.546

Module 66
C:\Windows\System32\KERNEL32.DLL
Image Base: 0x75d50000  Image Size: 0x000f0000
File Size:  646024      File Time:  2022-11-11_172034
Version:
   Company:    Microsoft Corporation
   Product:    Microsoft® Windows® Operating System
   FileDesc:   Windows NT BASE API Client DLL
   FileVer:    10.0.19041.2251
   ProdVer:    10.0.19041.2251

Module 67
C:\Windows\System32\PSAPI.DLL
Image Base: 0x75e40000  Image Size: 0x00006000
File Size:  17016       File Time:  2021-10-06_205234
Version:
   Company:    Microsoft Corporation
   Product:    Microsoft® Windows® Operating System
   FileDesc:   Process Status Helper
   FileVer:    10.0.19041.546
   ProdVer:    10.0.19041.546

Module 68
C:\Windows\System32\clbcatq.dll
Image Base: 0x75e50000  Image Size: 0x00083000
File Size:  526288      File Time:  2022-10-17_202058
Version:
   Company:    Microsoft Corporation
   Product:    Microsoft® Windows® Operating System
   FileDesc:   COM+ Configuration Catalog
   FileVer:    2001.12.10941.16384
   ProdVer:    10.0.19041.2075

Module 69
C:\Windows\System32\SHLWAPI.dll
Image Base: 0x75ee0000  Image Size: 0x00045000
File Size:  276840      File Time:  2022-10-17_202100
Version:
   Company:    Microsoft Corporation
   Product:    Microsoft® Windows® Operating System
   FileDesc:   Shell Light-weight Utility Library
   FileVer:    10.0.19041.2075
   ProdVer:    10.0.19041.2075

Module 70
C:\Windows\System32\combase.dll
Image Base: 0x75f30000  Image Size: 0x00280000
File Size:  2633072     File Time:  2022-10-17_202100
Version:
   Company:    Microsoft Corporation
   Product:    Microsoft® Windows® Operating System
   FileDesc:   Microsoft COM for Windows
   FileVer:    10.0.19041.2130
   ProdVer:    10.0.19041.2130

Module 71
C:\Windows\System32\gdi32full.dll
Image Base: 0x761b0000  Image Size: 0x000e0000
File Size:  906992      File Time:  2022-11-11_172034
Version:
   Company:    Microsoft Corporation
   Product:    Microsoft® Windows® Operating System
   FileDesc:   GDI Client DLL
   FileVer:    10.0.19041.2194
   ProdVer:    10.0.19041.2194

Module 72
C:\Windows\System32\NSI.dll
Image Base: 0x76290000  Image Size: 0x00007000
File Size:  20144       File Time:  2021-10-06_205202
Version:
   Company:    Microsoft Corporation
   Product:    Microsoft® Windows® Operating System
   FileDesc:   NSI User-mode interface DLL
   FileVer:    10.0.19041.610
   ProdVer:    10.0.19041.610

Module 73
C:\Windows\System32\WS2_32.dll
Image Base: 0x76330000  Image Size: 0x00063000
File Size:  397728      File Time:  2021-10-06_205218
Version:
   Company:    Microsoft Corporation
   Product:    Microsoft® Windows® Operating System
   FileDesc:   Windows Socket 2.0 32-Bit DLL
   FileVer:    10.0.19041.546
   ProdVer:    10.0.19041.546

Module 74
C:\Windows\System32\ucrtbase.dll
Image Base: 0x763a0000  Image Size: 0x00120000
File Size:  1181208     File Time:  2021-10-06_205234
Version:
   Company:    Microsoft Corporation
   Product:    Microsoft® Windows® Operating System
   FileDesc:   Microsoft® C Runtime Library
   FileVer:    10.0.19041.789
   ProdVer:    10.0.19041.789

Module 75
C:\Windows\System32\WINTRUST.DLL
Image Base: 0x76520000  Image Size: 0x0004e000
File Size:  321720      File Time:  2022-11-11_172034
Version:
   Company:    Microsoft Corporation
   Product:    Microsoft® Windows® Operating System
   FileDesc:   Microsoft Trust Verification APIs
   FileVer:    10.0.19041.2193
   ProdVer:    10.0.19041.2193

Module 76
C:\Windows\System32\shcore.dll
Image Base: 0x76570000  Image Size: 0x00087000
File Size:  545984      File Time:  2022-08-07_075506
Version:
   Company:    Microsoft Corporation
   Product:    Microsoft® Windows® Operating System
   FileDesc:   SHCORE
   FileVer:    10.0.19041.1645
   ProdVer:    10.0.19041.1645

Module 77
C:\Windows\System32\RPCRT4.dll
Image Base: 0x76600000  Image Size: 0x000be000
File Size:  776824      File Time:  2022-08-07_075502
Version:
   Company:    Microsoft Corporation
   Product:    Microsoft® Windows® Operating System
   FileDesc:   Remote Procedure Call Runtime
   FileVer:    10.0.19041.1806
   ProdVer:    10.0.19041.1806

Module 78
C:\Windows\System32\msvcp_win.dll
Image Base: 0x766c0000  Image Size: 0x0007b000
File Size:  495840      File Time:  2021-10-06_205234
Version:
   Company:    Microsoft Corporation
   Product:    Microsoft® Windows® Operating System
   FileDesc:   Microsoft® C Runtime Library
   FileVer:    10.0.19041.789
   ProdVer:    10.0.19041.789

Module 79
C:\Windows\System32\MSCTF.dll
Image Base: 0x76740000  Image Size: 0x000d4000
File Size:  862536      File Time:  2022-11-11_172034
Version:
   Company:    Microsoft Corporation
   Product:    Microsoft® Windows® Operating System
   FileDesc:   MSCTF Server DLL
   FileVer:    10.0.19041.2193
   ProdVer:    10.0.19041.2193

Module 80
C:\Windows\System32\KERNELBASE.dll
Image Base: 0x76820000  Image Size: 0x0021c000
File Size:  2213728     File Time:  2022-11-11_172032
Version:
   Company:    Microsoft Corporation
   Product:    Microsoft® Windows® Operating System
   FileDesc:   Windows NT BASE API Client DLL
   FileVer:    10.0.19041.2251
   ProdVer:    10.0.19041.2251

Module 81
C:\Windows\System32\imagehlp.dll
Image Base: 0x76a50000  Image Size: 0x00019000
File Size:  95496       File Time:  2022-08-07_075456
Version:
   Company:    Microsoft Corporation
   Product:    Microsoft® Windows® Operating System
   FileDesc:   Windows NT Image Helper
   FileVer:    10.0.19041.1415
   ProdVer:    10.0.19041.1415

Module 82
C:\Windows\System32\ADVAPI32.dll
Image Base: 0x76a70000  Image Size: 0x0007b000
File Size:  496392      File Time:  2022-10-17_202058
Version:
   Company:    Microsoft Corporation
   Product:    Microsoft® Windows® Operating System
   FileDesc:   Advanced Windows 32 Base API
   FileVer:    10.0.19041.2130
   ProdVer:    10.0.19041.2130

Module 83
C:\Windows\System32\bcrypt.dll
Image Base: 0x76c60000  Image Size: 0x00019000
File Size:  96032       File Time:  2021-10-06_205234
Version:
   Company:    Microsoft Corporation
   Product:    Microsoft® Windows® Operating System
   FileDesc:   Windows Cryptographic Primitives Library
   FileVer:    10.0.19041.1023
   ProdVer:    10.0.19041.1023

Module 84
C:\Windows\System32\OLEAUT32.dll
Image Base: 0x76c80000  Image Size: 0x00096000
File Size:  606888      File Time:  2021-10-06_205234
Version:
   Company:    Microsoft Corporation
   Product:    Microsoft® Windows® Operating System
   FileDesc:   OLEAUT32.DLL
   FileVer:    10.0.19041.985
   ProdVer:    10.0.19041.985

Module 85
C:\Windows\System32\CRYPT32.dll
Image Base: 0x76d20000  Image Size: 0x000fa000
File Size:  1014368     File Time:  2022-08-27_152912
Version:
   Company:    Microsoft Corporation
   Product:    Microsoft® Windows® Operating System
   FileDesc:   Crypto API32
   FileVer:    10.0.19041.1889
   ProdVer:    10.0.19041.1889

Module 86
C:\Windows\System32\bcryptPrimitives.dll
Image Base: 0x76e20000  Image Size: 0x0005f000
File Size:  383264      File Time:  2022-08-07_075456
Version:
   Company:    Microsoft Corporation
   Product:    Microsoft® Windows® Operating System
   FileDesc:   Windows Cryptographic Primitives Library
   FileVer:    10.0.19041.1415
   ProdVer:    10.0.19041.1415

Module 87
C:\Windows\System32\SHELL32.dll
Image Base: 0x76e80000  Image Size: 0x005b5000
File Size:  6013104     File Time:  2022-10-17_202100
Version:
   Company:    Microsoft Corporation
   Product:    Microsoft® Windows® Operating System
   FileDesc:   Windows Shell Common Dll
   FileVer:    10.0.19041.2075
   ProdVer:    10.0.19041.2075

Module 88
C:\Windows\System32\cfgmgr32.dll
Image Base: 0x77500000  Image Size: 0x0003b000
File Size:  237568      File Time:  2022-08-07_075506
Version:
   Company:    Microsoft Corporation
   Product:    Microsoft® Windows® Operating System
   FileDesc:   Configuration Manager DLL
   FileVer:    10.0.19041.1620
   ProdVer:    10.0.19041.1620

Module 89
C:\Windows\System32\IMM32.dll
Image Base: 0x77540000  Image Size: 0x00026000
File Size:  147736      File Time:  2022-11-11_172034
Version:
   Company:    Microsoft Corporation
   Product:    Microsoft® Windows® Operating System
   FileDesc:   Multi-User Windows IMM32 API Client DLL
   FileVer:    10.0.19041.2193
   ProdVer:    10.0.19041.2193

Module 90
C:\Windows\SYSTEM32\ntdll.dll
Image Base: 0x77580000  Image Size: 0x001a4000
File Size:  1700440     File Time:  2022-11-11_172034
Version:
   Company:    Microsoft Corporation
   Product:    Microsoft® Windows® Operating System
   FileDesc:   NT Layer DLL
   FileVer:    10.0.19041.2193
   ProdVer:    10.0.19041.2193

Module 91
C:\Windows\System32\DriverStore\FileRepository\nvam.inf_amd64_37f28daaff36deca\nvwgf2um.dll
Image Base: 0x78da0000  Image Size: 0x021e5000
File Size:  35491872    File Time:  2022-06-14_042612
Version:
   Company:    NVIDIA Corporation
   Product:    NVIDIA D3D10 drivers
   FileDesc:   NVIDIA D3D10 Driver, Version 512.78 
   FileVer:    30.0.15.1278
   ProdVer:    30.0.15.1278


== [end of error.log] ==
